[dotenv@17.3.1] injecting env (19) from .env -- tip: ≡ƒñû agentic secret storage: https://dotenvx.com/as2
[dotenv@17.3.1] injecting env (0) from .env -- tip: ΓÜÖ∩╕Å  enable debug logging with { debug: true }
node:internal/modules/cjs/loader:1386
  throw err;
  ^
System.Management.Automation.RemoteException
Error: Cannot find module '../BaseService'
Require stack:
- C:\work\nf plantation full project\nf plantation project\backend\src\services\ProfitService.js
- C:\work\nf plantation full project\nf plantation project\backend\src\controllers\adminController.js
- C:\work\nf plantation full project\nf plantation project\backend\src\routes\adminRoutes.js
- C:\work\nf plantation full project\nf plantation project\backend\src\app.js
- C:\work\nf plantation full project\nf plantation project\backend\src\server.js
    at Function._resolveFilename (node:internal/modules/cjs/loader:1383:15)
    at defaultResolveImpl (node:internal/modules/cjs/loader:1025:19)
    at resolveForCJSWithHooks (node:internal/modules/cjs/loader:1030:22)
    at Function._load (node:internal/modules/cjs/loader:1192:37)
    at TracingChannel.traceSync (node:diagnostics_channel:322:14)
    at wrapModuleLoad (node:internal/modules/cjs/loader:237:24)
    at Module.require (node:internal/modules/cjs/loader:1463:12)
    at require (node:internal/modules/helpers:147:16)
    at Object.<anonymous> (C:\work\nf plantation full project\nf plantation project\backend\src\services\ProfitService.js:1:21)
    at Module._compile (node:internal/modules/cjs/loader:1706:14)
    at Object..js (node:internal/modules/cjs/loader:1839:10)
    at Module.load (node:internal/modules/cjs/loader:1441:32)
    at Function._load (node:internal/modules/cjs/loader:1263:12)
    at TracingChannel.traceSync (node:diagnostics_channel:322:14)
    at wrapModuleLoad (node:internal/modules/cjs/loader:237:24)
    at Module.require (node:internal/modules/cjs/loader:1463:12) {
  code: 'MODULE_NOT_FOUND',
  requireStack: [
    'C:\\work\\nf plantation full project\\nf plantation project\\backend\\src\\services\\ProfitService.js',
    'C:\\work\\nf plantation full project\\nf plantation project\\backend\\src\\controllers\\adminController.js',
    'C:\\work\\nf plantation full project\\nf plantation project\\backend\\src\\routes\\adminRoutes.js',
    'C:\\work\\nf plantation full project\\nf plantation project\\backend\\src\\app.js',
    'C:\\work\\nf plantation full project\\nf plantation project\\backend\\src\\server.js'
  ]
}
System.Management.Automation.RemoteException
Node.js v22.19.0
