[dotenv@17.3.1] injecting env (19) from .env -- tip: ΓÜÖ∩╕Å  override existing env vars with { override: true }
[dotenv@17.3.1] injecting env (0) from .env -- tip: ≡ƒñû agentic secret storage: https://dotenvx.com/as2
C:\work\nf plantation full project\nf plantation project\backend\node_modules\mongoose\lib\mongoose.js:628
      throw new _mongoose.Error.OverwriteModelError(name);
      ^
System.Management.Automation.RemoteException
OverwriteModelError: Cannot overwrite `AuditLog` model once compiled.
    at Mongoose.model (C:\work\nf plantation full project\nf plantation project\backend\node_modules\mongoose\lib\mongoose.js:628:13)
    at Object.<anonymous> (C:\work\nf plantation full project\nf plantation project\backend\src\services\AuditLogService.js:17:27)
    at Module._compile (node:internal/modules/cjs/loader:1706:14)
    at Object..js (node:internal/modules/cjs/loader:1839:10)
    at Module.load (node:internal/modules/cjs/loader:1441:32)
    at Function._load (node:internal/modules/cjs/loader:1263:12)
    at TracingChannel.traceSync (node:diagnostics_channel:322:14)
    at wrapModuleLoad (node:internal/modules/cjs/loader:237:24)
    at Module.require (node:internal/modules/cjs/loader:1463:12)
    at require (node:internal/modules/helpers:147:16)
    at Object.<anonymous> (C:\work\nf plantation full project\nf plantation project\backend\src\services\ProfitService.js:5:25)
    at Module._compile (node:internal/modules/cjs/loader:1706:14)
    at Object..js (node:internal/modules/cjs/loader:1839:10)
    at Module.load (node:internal/modules/cjs/loader:1441:32)
    at Function._load (node:internal/modules/cjs/loader:1263:12)
    at TracingChannel.traceSync (node:diagnostics_channel:322:14)
System.Management.Automation.RemoteException
Node.js v22.19.0
